

Version:	3.50
CmdLine:	C:\Users\Paul.Provence\APCS23\BattleShip\exe\BattleShip.exe --l4j-debug
JNI:		No
WOW64:		Yes
Working dir:	C:\Users\Paul.Provence\APCS23\BattleShip\exe\.
Requires JDK:	No
Requires 64-Bit: No
Java min ver:	
Java max ver:	
Substitute:	JAVA_HOME = 
Substitute:	PATH = C:\Program Files\Common Files\Oracle\Java\javapath;C:\Windows\system32;C:\Windows;C:\Windows\System32\Wbem;C:\Windows\System32\WindowsPowerShell\v1.0\;C:\Windows\System32\OpenSSH\;C:\Program Files\dotnet\;C:\Gradle\gradle-8.0.2\bin;C:\Program Files\Git\cmd;C:\Users\Paul.Provence\AppData\Local\Microsoft\WindowsApps;C:\Users\Paul.Provence\AppData\Local\GitHubDesktop\bin;"C:\Program Files\Java\jdk-18.0.2\bin;";C:\ProgramData\Paul.Provence\atom\bin;C:\Program Files\Java\jdk-18.0.2\bin
JRE paths:	;C:\Program Files\Common Files\Oracle\Java\javapath;C:\Windows\system32;C:\Windows;C:\Windows\System32\Wbem;C:\Windows\System32\WindowsPowerShell\v1.0\;C:\Windows\System32\OpenSSH\;C:\Program Files\dotnet\;C:\Gradle\gradle-8.0.2\bin;C:\Program Files\Git\cmd;C:\Users\Paul.Provence\AppData\Local\Microsoft\WindowsApps;C:\Users\Paul.Provence\AppData\Local\GitHubDesktop\bin;"C:\Program Files\Java\jdk-18.0.2\bin;";C:\ProgramData\Paul.Provence\atom\bin;C:\Program Files\Java\jdk-18.0.2\bin
Check launcher:	C:\Program Files\Common Files\Oracle\Java\javapath\bin\javaw.exe (not found)
Check launcher:	C:\Windows\system32\bin\javaw.exe (not found)
Check launcher:	C:\Windows\bin\javaw.exe (not found)
Check launcher:	C:\Windows\System32\Wbem\bin\javaw.exe (not found)
Check launcher:	C:\Windows\System32\WindowsPowerShell\v1.0\bin\javaw.exe (not found)
Check launcher:	C:\Windows\System32\OpenSSH\bin\javaw.exe (not found)
Check launcher:	C:\Program Files\dotnet\bin\javaw.exe (not found)
Check launcher:	C:\Gradle\gradle-8.0.2\bin\javaw.exe (not found)
Check launcher:	C:\Program Files\Git\cmd\bin\javaw.exe (not found)
Check launcher:	C:\Users\Paul.Provence\AppData\Local\Microsoft\WindowsApps\bin\javaw.exe (not found)
Check launcher:	C:\Users\Paul.Provence\AppData\Local\GitHubDesktop\bin\javaw.exe (not found)
Check launcher:	C:\Program Files\Java\jdk-18.0.2\bin\javaw.exe (OK)
Version string: 1.018.000_002 / 64-Bit (OK)
Launcher:	C:\Program Files\Java\jdk-18.0.2\bin\javaw.exe
Launcher args:	-jar "C:\Users\Paul.Provence\APCS23\BattleShip\exe\BattleShip.exe"
Args length:	66/32768 chars
Exit code:	0
